<?xml version="1.0" encoding="UTF-8"?>
<testsuites name="GDA" time="82.223" tests="6" failures="2" errors="0">
   <testsuite name="GDA" tests="6" failures="2" errors="0" time="82.223" timestamp="2020-09-23 14:41:24" hostname="martin - Martin-PC" id="Test Suites/GDA">
      <properties>
         <property name="deviceName" value=""/>
         <property name="devicePlatform" value=""/>
         <property name="logFolder" value="C:\\Users\\martin\\Katalon Studio\\FIND_LOGIN_PAGE\\Reports\\20200923_144116\\GDA\\20200923_144116"/>
         <property name="logFiles" value="C:\\Users\\martin\\Katalon Studio\\FIND_LOGIN_PAGE\\Reports\\20200923_144116\\GDA\\20200923_144116\\execution0.log"/>
         <property name="attachments" value="C:\\Users\\martin\\Katalon Studio\\FIND_LOGIN_PAGE\\Reports\\20200923_144116\\GDA\\20200923_144116\\1600846907341.png, C:\\Users\\martin\\Katalon Studio\\FIND_LOGIN_PAGE\\Reports\\20200923_144116\\GDA\\20200923_144116\\1600846907678.png"/>
         <property name="hostName" value="martin - Martin-PC"/>
         <property name="os" value="Windows 10 64bit"/>
         <property name="katalonVersion" value="7.6.6.205"/>
         <property name="browser" value="Chrome 85.0.4183.121"/>
         <property name="hostAddress" value="10.8.1.2"/>
         <property name="sessionId" value="2375e77258413eb888d1b7d320afa658"/>
         <property name="seleniumVersion" value="3.141.59"/>
         <property name="proxyInformation" value="ProxyInformation { proxyOption=NO_PROXY, proxyServerType=HTTP, username=, password=********, proxyServerAddress=, proxyServerPort=0, executionList=&quot;&quot;, isApplyToDesiredCapabilities=true }"/>
         <property name="platform" value="Windows 10"/>
      </properties>
      <testcase name="Test Cases/SIGN IN PAGE TEST - GDA/TC_UI_001" time="12.662" classname="Test Cases/SIGN IN PAGE TEST - GDA/TC_UI_001" status="PASSED">
         <system-out><![CDATA[2020-09-23 14:41:24 - [TEST_CASE][PASSED] - Test Cases/SIGN IN PAGE TEST - GDA/TC_UI_001: Test Cases/SIGN IN PAGE TEST - GDA/TC_UI_001

2020-09-23 14:41:25 - [TEST_STEP][PASSED] - callTestCase(findTestCase("UTILITIES/Open Login Page-GDA"), [:], STOP_ON_FAILURE): Call Test Case 'Test Cases/UTILITIES/Open Login Page-GDA' successfully

2020-09-23 14:41:25 - [TEST_CASE][PASSED] - Test Cases/UTILITIES/Open Login Page-GDA: Test Cases/UTILITIES/Open Login Page-GDA

2020-09-23 14:41:25 - [TEST_STEP][PASSED] - openBrowser(""): Browser is opened with url: ''

2020-09-23 14:41:26 - [MESSAGE][INFO] - Starting 'Chrome' driver

2020-09-23 14:41:26 - [MESSAGE][INFO] - Action delay is set to 0 milliseconds

2020-09-23 14:41:31 - [MESSAGE][PASSED] - Browser is opened with url: ''

2020-09-23 14:41:31 - [TEST_STEP][PASSED] - navigateToUrl(otherurl): Navigate to 'http://covid19sandbox.test-arcadier.com' successfully

2020-09-23 14:41:34 - [MESSAGE][PASSED] - Navigate to 'http://covid19sandbox.test-arcadier.com' successfully

2020-09-23 14:41:34 - [TEST_STEP][PASSED] - waitForElementVisible(findTestObject("Page_diagnostics/a_Homepage_Sign In"), 0): Object 'Object Repository/Page_diagnostics/a_Homepage_Sign In' is visible

2020-09-23 14:41:35 - [MESSAGE][WARNING] - Timeout '0' is invalid. Using default page load timeout: '30'

2020-09-23 14:41:35 - [MESSAGE][PASSED] - Object 'Object Repository/Page_diagnostics/a_Homepage_Sign In' is visible

2020-09-23 14:41:35 - [TEST_STEP][PASSED] - click(findTestObject("Page_diagnostics/a_Homepage_Sign In")): Object: 'Object Repository/Page_diagnostics/a_Homepage_Sign In' is clicked on

2020-09-23 14:41:36 - [MESSAGE][PASSED] - Object: 'Object Repository/Page_diagnostics/a_Homepage_Sign In' is clicked on

2020-09-23 14:41:37 - [MESSAGE][PASSED] - Call Test Case 'Test Cases/UTILITIES/Open Login Page-GDA' successfully

2020-09-23 14:41:37 - [TEST_STEP][PASSED] - verifyElementVisible(findTestObject("Page_diagnostics/img_logo")): Object 'Object Repository/Page_diagnostics/img_logo' is visible

2020-09-23 14:41:37 - [MESSAGE][PASSED] - Object 'Object Repository/Page_diagnostics/img_logo' is visible]]></system-out>
         <system-err><![CDATA[]]></system-err>
      </testcase>
      <testcase name="Test Cases/SIGN IN PAGE TEST - GDA/TC_UI_002" time="10.418" classname="Test Cases/SIGN IN PAGE TEST - GDA/TC_UI_002" status="FAILED">
         <failure type="FAILED" message="Test Cases/SIGN IN PAGE TEST - GDA/TC_UI_002 FAILED.
Reason:
com.kms.katalon.core.exception.StepFailedException: Verify element text of test object 'Object Repository/Page_diagnostics/div_GDA Marketplace' FAILED.
	at com.kms.katalon.core.webui.keyword.internal.WebUIKeywordMain.stepFailed(WebUIKeywordMain.groovy:64)
	at com.kms.katalon.core.webui.keyword.internal.WebUIKeywordMain.runKeyword(WebUIKeywordMain.groovy:26)
	at com.kms.katalon.core.webui.keyword.builtin.VerifyElementTextKeyword.verifyElementText(VerifyElementTextKeyword.groovy:72)
	at com.kms.katalon.core.webui.keyword.builtin.VerifyElementTextKeyword.execute(VerifyElementTextKeyword.groovy:40)
	at com.kms.katalon.core.keyword.internal.KeywordExecutor.executeKeywordForPlatform(KeywordExecutor.groovy:73)
	at com.kms.katalon.core.webui.keyword.WebUiBuiltInKeywords.verifyElementText(WebUiBuiltInKeywords.groovy:3689)
	at com.kms.katalon.core.webui.keyword.WebUiBuiltInKeywords$verifyElementText$4.call(Unknown Source)
	at TC_UI_002.run(TC_UI_002:22)
	at com.kms.katalon.core.main.ScriptEngine.run(ScriptEngine.java:194)
	at com.kms.katalon.core.main.ScriptEngine.runScriptAsRawText(ScriptEngine.java:119)
	at com.kms.katalon.core.main.TestCaseExecutor.runScript(TestCaseExecutor.java:339)
	at com.kms.katalon.core.main.TestCaseExecutor.doExecute(TestCaseExecutor.java:330)
	at com.kms.katalon.core.main.TestCaseExecutor.processExecutionPhase(TestCaseExecutor.java:309)
	at com.kms.katalon.core.main.TestCaseExecutor.accessMainPhase(TestCaseExecutor.java:301)
	at com.kms.katalon.core.main.TestCaseExecutor.execute(TestCaseExecutor.java:235)
	at com.kms.katalon.core.main.TestSuiteExecutor.accessTestCaseMainPhase(TestSuiteExecutor.java:191)
	at com.kms.katalon.core.main.TestSuiteExecutor.accessTestSuiteMainPhase(TestSuiteExecutor.java:141)
	at com.kms.katalon.core.main.TestSuiteExecutor.execute(TestSuiteExecutor.java:90)
	at com.kms.katalon.core.main.TestCaseMain.startTestSuite(TestCaseMain.java:157)
	at com.kms.katalon.core.main.TestCaseMain$startTestSuite$0.call(Unknown Source)
	at TempTestSuite1600846876767.run(TempTestSuite1600846876767.groovy:39)
Caused by: com.kms.katalon.core.exception.StepFailedException: Actual text 'COVID-19
Diagnostic Tests eCatalogue' and expected text 'GDA Marketplace' of test object 'Object Repository/Page_diagnostics/div_GDA Marketplace' are NOT matched.
	at com.kms.katalon.core.webui.keyword.internal.WebUIKeywordMain.stepFailed(WebUIKeywordMain.groovy:64)
	at com.kms.katalon.core.webui.keyword.builtin.VerifyElementTextKeyword$_verifyElementText_closure1.doCall(VerifyElementTextKeyword.groovy:57)
	at com.kms.katalon.core.webui.keyword.builtin.VerifyElementTextKeyword$_verifyElementText_closure1.call(VerifyElementTextKeyword.groovy)
	at com.kms.katalon.core.webui.keyword.internal.WebUIKeywordMain.runKeyword(WebUIKeywordMain.groovy:20)
	... 19 more
"/>
         <system-out><![CDATA[2020-09-23 14:41:37 - [TEST_CASE][FAILED] - Test Cases/SIGN IN PAGE TEST - GDA/TC_UI_002: Test Cases/SIGN IN PAGE TEST - GDA/TC_UI_002 FAILED.
Reason:
com.kms.katalon.core.exception.StepFailedException: Verify element text of test object 'Object Repository/Page_diagnostics/div_GDA Marketplace' FAILED.
	at com.kms.katalon.core.webui.keyword.internal.WebUIKeywordMain.stepFailed(WebUIKeywordMain.groovy:64)
	at com.kms.katalon.core.webui.keyword.internal.WebUIKeywordMain.runKeyword(WebUIKeywordMain.groovy:26)
	at com.kms.katalon.core.webui.keyword.builtin.VerifyElementTextKeyword.verifyElementText(VerifyElementTextKeyword.groovy:72)
	at com.kms.katalon.core.webui.keyword.builtin.VerifyElementTextKeyword.execute(VerifyElementTextKeyword.groovy:40)
	at com.kms.katalon.core.keyword.internal.KeywordExecutor.executeKeywordForPlatform(KeywordExecutor.groovy:73)
	at com.kms.katalon.core.webui.keyword.WebUiBuiltInKeywords.verifyElementText(WebUiBuiltInKeywords.groovy:3689)
	at com.kms.katalon.core.webui.keyword.WebUiBuiltInKeywords$verifyElementText$4.call(Unknown Source)
	at TC_UI_002.run(TC_UI_002:22)
	at com.kms.katalon.core.main.ScriptEngine.run(ScriptEngine.java:194)
	at com.kms.katalon.core.main.ScriptEngine.runScriptAsRawText(ScriptEngine.java:119)
	at com.kms.katalon.core.main.TestCaseExecutor.runScript(TestCaseExecutor.java:339)
	at com.kms.katalon.core.main.TestCaseExecutor.doExecute(TestCaseExecutor.java:330)
	at com.kms.katalon.core.main.TestCaseExecutor.processExecutionPhase(TestCaseExecutor.java:309)
	at com.kms.katalon.core.main.TestCaseExecutor.accessMainPhase(TestCaseExecutor.java:301)
	at com.kms.katalon.core.main.TestCaseExecutor.execute(TestCaseExecutor.java:235)
	at com.kms.katalon.core.main.TestSuiteExecutor.accessTestCaseMainPhase(TestSuiteExecutor.java:191)
	at com.kms.katalon.core.main.TestSuiteExecutor.accessTestSuiteMainPhase(TestSuiteExecutor.java:141)
	at com.kms.katalon.core.main.TestSuiteExecutor.execute(TestSuiteExecutor.java:90)
	at com.kms.katalon.core.main.TestCaseMain.startTestSuite(TestCaseMain.java:157)
	at com.kms.katalon.core.main.TestCaseMain$startTestSuite$0.call(Unknown Source)
	at TempTestSuite1600846876767.run(TempTestSuite1600846876767.groovy:39)
Caused by: com.kms.katalon.core.exception.StepFailedException: Actual text 'COVID-19
Diagnostic Tests eCatalogue' and expected text 'GDA Marketplace' of test object 'Object Repository/Page_diagnostics/div_GDA Marketplace' are NOT matched.
	at com.kms.katalon.core.webui.keyword.internal.WebUIKeywordMain.stepFailed(WebUIKeywordMain.groovy:64)
	at com.kms.katalon.core.webui.keyword.builtin.VerifyElementTextKeyword$_verifyElementText_closure1.doCall(VerifyElementTextKeyword.groovy:57)
	at com.kms.katalon.core.webui.keyword.builtin.VerifyElementTextKeyword$_verifyElementText_closure1.call(VerifyElementTextKeyword.groovy)
	at com.kms.katalon.core.webui.keyword.internal.WebUIKeywordMain.runKeyword(WebUIKeywordMain.groovy:20)
	... 19 more


2020-09-23 14:41:37 - [TEST_STEP][PASSED] - callTestCase(findTestCase("UTILITIES/Open Login Page-GDA"), [:], STOP_ON_FAILURE): Call Test Case 'Test Cases/UTILITIES/Open Login Page-GDA' successfully

2020-09-23 14:41:37 - [TEST_CASE][PASSED] - Test Cases/UTILITIES/Open Login Page-GDA: Test Cases/UTILITIES/Open Login Page-GDA

2020-09-23 14:41:37 - [TEST_STEP][PASSED] - openBrowser(""): Browser is opened with url: ''

2020-09-23 14:41:37 - [MESSAGE][WARNING] - A browser is already opened. Closing browser and opening a new one

2020-09-23 14:41:38 - [MESSAGE][INFO] - Starting 'Chrome' driver

2020-09-23 14:41:38 - [MESSAGE][INFO] - Action delay is set to 0 milliseconds

2020-09-23 14:41:42 - [MESSAGE][PASSED] - Browser is opened with url: ''

2020-09-23 14:41:42 - [TEST_STEP][PASSED] - navigateToUrl(otherurl): Navigate to 'http://covid19sandbox.test-arcadier.com' successfully

2020-09-23 14:41:44 - [MESSAGE][PASSED] - Navigate to 'http://covid19sandbox.test-arcadier.com' successfully

2020-09-23 14:41:44 - [TEST_STEP][PASSED] - waitForElementVisible(findTestObject("Page_diagnostics/a_Homepage_Sign In"), 0): Object 'Object Repository/Page_diagnostics/a_Homepage_Sign In' is visible

2020-09-23 14:41:44 - [MESSAGE][WARNING] - Timeout '0' is invalid. Using default page load timeout: '30'

2020-09-23 14:41:45 - [MESSAGE][PASSED] - Object 'Object Repository/Page_diagnostics/a_Homepage_Sign In' is visible

2020-09-23 14:41:45 - [TEST_STEP][PASSED] - click(findTestObject("Page_diagnostics/a_Homepage_Sign In")): Object: 'Object Repository/Page_diagnostics/a_Homepage_Sign In' is clicked on

2020-09-23 14:41:46 - [MESSAGE][PASSED] - Object: 'Object Repository/Page_diagnostics/a_Homepage_Sign In' is clicked on

2020-09-23 14:41:46 - [MESSAGE][PASSED] - Call Test Case 'Test Cases/UTILITIES/Open Login Page-GDA' successfully

2020-09-23 14:41:46 - [TEST_STEP][PASSED] - verifyElementVisible(findTestObject("Page_diagnostics/div_GDA Marketplace")): Object 'Object Repository/Page_diagnostics/div_GDA Marketplace' is visible

2020-09-23 14:41:47 - [MESSAGE][PASSED] - Object 'Object Repository/Page_diagnostics/div_GDA Marketplace' is visible

2020-09-23 14:41:47 - [TEST_STEP][FAILED] - verifyElementText(findTestObject("Page_diagnostics/div_GDA Marketplace"), "GDA Marketplace"): Verify element text of test object 'Object Repository/Page_diagnostics/div_GDA Marketplace' FAILED. (Root cause: com.kms.katalon.core.exception.StepFailedException: Verify element text of test object 'Object Repository/Page_diagnostics/div_GDA Marketplace' FAILED.
	at com.kms.katalon.core.webui.keyword.internal.WebUIKeywordMain.stepFailed(WebUIKeywordMain.groovy:64)
	at com.kms.katalon.core.webui.keyword.internal.WebUIKeywordMain.runKeyword(WebUIKeywordMain.groovy:26)
	at com.kms.katalon.core.webui.keyword.builtin.VerifyElementTextKeyword.verifyElementText(VerifyElementTextKeyword.groovy:72)
	at com.kms.katalon.core.webui.keyword.builtin.VerifyElementTextKeyword.execute(VerifyElementTextKeyword.groovy:40)
	at com.kms.katalon.core.keyword.internal.KeywordExecutor.executeKeywordForPlatform(KeywordExecutor.groovy:73)
	at com.kms.katalon.core.webui.keyword.WebUiBuiltInKeywords.verifyElementText(WebUiBuiltInKeywords.groovy:3689)
	at com.kms.katalon.core.webui.keyword.WebUiBuiltInKeywords$verifyElementText$4.call(Unknown Source)
	at TC_UI_002.run(TC_UI_002:22)
	at com.kms.katalon.core.main.ScriptEngine.run(ScriptEngine.java:194)
	at com.kms.katalon.core.main.ScriptEngine.runScriptAsRawText(ScriptEngine.java:119)
	at com.kms.katalon.core.main.TestCaseExecutor.runScript(TestCaseExecutor.java:339)
	at com.kms.katalon.core.main.TestCaseExecutor.doExecute(TestCaseExecutor.java:330)
	at com.kms.katalon.core.main.TestCaseExecutor.processExecutionPhase(TestCaseExecutor.java:309)
	at com.kms.katalon.core.main.TestCaseExecutor.accessMainPhase(TestCaseExecutor.java:301)
	at com.kms.katalon.core.main.TestCaseExecutor.execute(TestCaseExecutor.java:235)
	at com.kms.katalon.core.main.TestSuiteExecutor.accessTestCaseMainPhase(TestSuiteExecutor.java:191)
	at com.kms.katalon.core.main.TestSuiteExecutor.accessTestSuiteMainPhase(TestSuiteExecutor.java:141)
	at com.kms.katalon.core.main.TestSuiteExecutor.execute(TestSuiteExecutor.java:90)
	at com.kms.katalon.core.main.TestCaseMain.startTestSuite(TestCaseMain.java:157)
	at com.kms.katalon.core.main.TestCaseMain$startTestSuite$0.call(Unknown Source)
	at TempTestSuite1600846876767.run(TempTestSuite1600846876767.groovy:39)
Caused by: com.kms.katalon.core.exception.StepFailedException: Actual text 'COVID-19
Diagnostic Tests eCatalogue' and expected text 'GDA Marketplace' of test object 'Object Repository/Page_diagnostics/div_GDA Marketplace' are NOT matched.
	at com.kms.katalon.core.webui.keyword.internal.WebUIKeywordMain.stepFailed(WebUIKeywordMain.groovy:64)
	at com.kms.katalon.core.webui.keyword.builtin.VerifyElementTextKeyword$_verifyElementText_closure1.doCall(VerifyElementTextKeyword.groovy:57)
	at com.kms.katalon.core.webui.keyword.builtin.VerifyElementTextKeyword$_verifyElementText_closure1.call(VerifyElementTextKeyword.groovy)
	at com.kms.katalon.core.webui.keyword.internal.WebUIKeywordMain.runKeyword(WebUIKeywordMain.groovy:20)
	... 19 more
)

2020-09-23 14:41:47 - [MESSAGE][FAILED] - Actual text 'COVID-19
Diagnostic Tests eCatalogue' and expected text 'GDA Marketplace' of test object 'Object Repository/Page_diagnostics/div_GDA Marketplace' are NOT matched. (Root cause: com.kms.katalon.core.exception.StepFailedException: Actual text 'COVID-19
Diagnostic Tests eCatalogue' and expected text 'GDA Marketplace' of test object 'Object Repository/Page_diagnostics/div_GDA Marketplace' are NOT matched.
	at com.kms.katalon.core.webui.keyword.internal.WebUIKeywordMain.stepFailed(WebUIKeywordMain.groovy:64)
	at com.kms.katalon.core.webui.keyword.builtin.VerifyElementTextKeyword$_verifyElementText_closure1.doCall(VerifyElementTextKeyword.groovy:57)
	at com.kms.katalon.core.webui.keyword.builtin.VerifyElementTextKeyword$_verifyElementText_closure1.call(VerifyElementTextKeyword.groovy)
	at com.kms.katalon.core.webui.keyword.internal.WebUIKeywordMain.runKeyword(WebUIKeywordMain.groovy:20)
	at com.kms.katalon.core.webui.keyword.builtin.VerifyElementTextKeyword.verifyElementText(VerifyElementTextKeyword.groovy:72)
	at com.kms.katalon.core.webui.keyword.builtin.VerifyElementTextKeyword.execute(VerifyElementTextKeyword.groovy:40)
	at com.kms.katalon.core.keyword.internal.KeywordExecutor.executeKeywordForPlatform(KeywordExecutor.groovy:73)
	at com.kms.katalon.core.webui.keyword.WebUiBuiltInKeywords.verifyElementText(WebUiBuiltInKeywords.groovy:3689)
	at com.kms.katalon.core.webui.keyword.WebUiBuiltInKeywords$verifyElementText$4.call(Unknown Source)
	at TC_UI_002.run(TC_UI_002:22)
	at com.kms.katalon.core.main.ScriptEngine.run(ScriptEngine.java:194)
	at com.kms.katalon.core.main.ScriptEngine.runScriptAsRawText(ScriptEngine.java:119)
	at com.kms.katalon.core.main.TestCaseExecutor.runScript(TestCaseExecutor.java:339)
	at com.kms.katalon.core.main.TestCaseExecutor.doExecute(TestCaseExecutor.java:330)
	at com.kms.katalon.core.main.TestCaseExecutor.processExecutionPhase(TestCaseExecutor.java:309)
	at com.kms.katalon.core.main.TestCaseExecutor.accessMainPhase(TestCaseExecutor.java:301)
	at com.kms.katalon.core.main.TestCaseExecutor.execute(TestCaseExecutor.java:235)
	at com.kms.katalon.core.main.TestSuiteExecutor.accessTestCaseMainPhase(TestSuiteExecutor.java:191)
	at com.kms.katalon.core.main.TestSuiteExecutor.accessTestSuiteMainPhase(TestSuiteExecutor.java:141)
	at com.kms.katalon.core.main.TestSuiteExecutor.execute(TestSuiteExecutor.java:90)
	at com.kms.katalon.core.main.TestCaseMain.startTestSuite(TestCaseMain.java:157)
	at com.kms.katalon.core.main.TestCaseMain$startTestSuite$0.call(Unknown Source)
	at TempTestSuite1600846876767.run(TempTestSuite1600846876767.groovy:39)
)
[[ATTACHMENT|C:\\Users\\martin\\Katalon Studio\\FIND_LOGIN_PAGE\\Reports\\20200923_144116\\GDA\\20200923_144116\\1600846907341.png]]

2020-09-23 14:41:47 - [MESSAGE][FAILED] - Verify element text of test object 'Object Repository/Page_diagnostics/div_GDA Marketplace' FAILED. (Root cause: com.kms.katalon.core.exception.StepFailedException: Verify element text of test object 'Object Repository/Page_diagnostics/div_GDA Marketplace' FAILED.
	at com.kms.katalon.core.webui.keyword.internal.WebUIKeywordMain.stepFailed(WebUIKeywordMain.groovy:64)
	at com.kms.katalon.core.webui.keyword.internal.WebUIKeywordMain.runKeyword(WebUIKeywordMain.groovy:26)
	at com.kms.katalon.core.webui.keyword.builtin.VerifyElementTextKeyword.verifyElementText(VerifyElementTextKeyword.groovy:72)
	at com.kms.katalon.core.webui.keyword.builtin.VerifyElementTextKeyword.execute(VerifyElementTextKeyword.groovy:40)
	at com.kms.katalon.core.keyword.internal.KeywordExecutor.executeKeywordForPlatform(KeywordExecutor.groovy:73)
	at com.kms.katalon.core.webui.keyword.WebUiBuiltInKeywords.verifyElementText(WebUiBuiltInKeywords.groovy:3689)
	at com.kms.katalon.core.webui.keyword.WebUiBuiltInKeywords$verifyElementText$4.call(Unknown Source)
	at TC_UI_002.run(TC_UI_002:22)
	at com.kms.katalon.core.main.ScriptEngine.run(ScriptEngine.java:194)
	at com.kms.katalon.core.main.ScriptEngine.runScriptAsRawText(ScriptEngine.java:119)
	at com.kms.katalon.core.main.TestCaseExecutor.runScript(TestCaseExecutor.java:339)
	at com.kms.katalon.core.main.TestCaseExecutor.doExecute(TestCaseExecutor.java:330)
	at com.kms.katalon.core.main.TestCaseExecutor.processExecutionPhase(TestCaseExecutor.java:309)
	at com.kms.katalon.core.main.TestCaseExecutor.accessMainPhase(TestCaseExecutor.java:301)
	at com.kms.katalon.core.main.TestCaseExecutor.execute(TestCaseExecutor.java:235)
	at com.kms.katalon.core.main.TestSuiteExecutor.accessTestCaseMainPhase(TestSuiteExecutor.java:191)
	at com.kms.katalon.core.main.TestSuiteExecutor.accessTestSuiteMainPhase(TestSuiteExecutor.java:141)
	at com.kms.katalon.core.main.TestSuiteExecutor.execute(TestSuiteExecutor.java:90)
	at com.kms.katalon.core.main.TestCaseMain.startTestSuite(TestCaseMain.java:157)
	at com.kms.katalon.core.main.TestCaseMain$startTestSuite$0.call(Unknown Source)
	at TempTestSuite1600846876767.run(TempTestSuite1600846876767.groovy:39)
Caused by: com.kms.katalon.core.exception.StepFailedException: Actual text 'COVID-19
Diagnostic Tests eCatalogue' and expected text 'GDA Marketplace' of test object 'Object Repository/Page_diagnostics/div_GDA Marketplace' are NOT matched.
	at com.kms.katalon.core.webui.keyword.internal.WebUIKeywordMain.stepFailed(WebUIKeywordMain.groovy:64)
	at com.kms.katalon.core.webui.keyword.builtin.VerifyElementTextKeyword$_verifyElementText_closure1.doCall(VerifyElementTextKeyword.groovy:57)
	at com.kms.katalon.core.webui.keyword.builtin.VerifyElementTextKeyword$_verifyElementText_closure1.call(VerifyElementTextKeyword.groovy)
	at com.kms.katalon.core.webui.keyword.internal.WebUIKeywordMain.runKeyword(WebUIKeywordMain.groovy:20)
	... 19 more
)
[[ATTACHMENT|C:\\Users\\martin\\Katalon Studio\\FIND_LOGIN_PAGE\\Reports\\20200923_144116\\GDA\\20200923_144116\\1600846907678.png]]]]></system-out>
         <system-err><![CDATA[2020-09-23 14:41:37 - [TEST_CASE][FAILED] - Test Cases/SIGN IN PAGE TEST - GDA/TC_UI_002: Test Cases/SIGN IN PAGE TEST - GDA/TC_UI_002 FAILED.
Reason:
com.kms.katalon.core.exception.StepFailedException: Verify element text of test object 'Object Repository/Page_diagnostics/div_GDA Marketplace' FAILED.
	at com.kms.katalon.core.webui.keyword.internal.WebUIKeywordMain.stepFailed(WebUIKeywordMain.groovy:64)
	at com.kms.katalon.core.webui.keyword.internal.WebUIKeywordMain.runKeyword(WebUIKeywordMain.groovy:26)
	at com.kms.katalon.core.webui.keyword.builtin.VerifyElementTextKeyword.verifyElementText(VerifyElementTextKeyword.groovy:72)
	at com.kms.katalon.core.webui.keyword.builtin.VerifyElementTextKeyword.execute(VerifyElementTextKeyword.groovy:40)
	at com.kms.katalon.core.keyword.internal.KeywordExecutor.executeKeywordForPlatform(KeywordExecutor.groovy:73)
	at com.kms.katalon.core.webui.keyword.WebUiBuiltInKeywords.verifyElementText(WebUiBuiltInKeywords.groovy:3689)
	at com.kms.katalon.core.webui.keyword.WebUiBuiltInKeywords$verifyElementText$4.call(Unknown Source)
	at TC_UI_002.run(TC_UI_002:22)
	at com.kms.katalon.core.main.ScriptEngine.run(ScriptEngine.java:194)
	at com.kms.katalon.core.main.ScriptEngine.runScriptAsRawText(ScriptEngine.java:119)
	at com.kms.katalon.core.main.TestCaseExecutor.runScript(TestCaseExecutor.java:339)
	at com.kms.katalon.core.main.TestCaseExecutor.doExecute(TestCaseExecutor.java:330)
	at com.kms.katalon.core.main.TestCaseExecutor.processExecutionPhase(TestCaseExecutor.java:309)
	at com.kms.katalon.core.main.TestCaseExecutor.accessMainPhase(TestCaseExecutor.java:301)
	at com.kms.katalon.core.main.TestCaseExecutor.execute(TestCaseExecutor.java:235)
	at com.kms.katalon.core.main.TestSuiteExecutor.accessTestCaseMainPhase(TestSuiteExecutor.java:191)
	at com.kms.katalon.core.main.TestSuiteExecutor.accessTestSuiteMainPhase(TestSuiteExecutor.java:141)
	at com.kms.katalon.core.main.TestSuiteExecutor.execute(TestSuiteExecutor.java:90)
	at com.kms.katalon.core.main.TestCaseMain.startTestSuite(TestCaseMain.java:157)
	at com.kms.katalon.core.main.TestCaseMain$startTestSuite$0.call(Unknown Source)
	at TempTestSuite1600846876767.run(TempTestSuite1600846876767.groovy:39)
Caused by: com.kms.katalon.core.exception.StepFailedException: Actual text 'COVID-19
Diagnostic Tests eCatalogue' and expected text 'GDA Marketplace' of test object 'Object Repository/Page_diagnostics/div_GDA Marketplace' are NOT matched.
	at com.kms.katalon.core.webui.keyword.internal.WebUIKeywordMain.stepFailed(WebUIKeywordMain.groovy:64)
	at com.kms.katalon.core.webui.keyword.builtin.VerifyElementTextKeyword$_verifyElementText_closure1.doCall(VerifyElementTextKeyword.groovy:57)
	at com.kms.katalon.core.webui.keyword.builtin.VerifyElementTextKeyword$_verifyElementText_closure1.call(VerifyElementTextKeyword.groovy)
	at com.kms.katalon.core.webui.keyword.internal.WebUIKeywordMain.runKeyword(WebUIKeywordMain.groovy:20)
	... 19 more]]></system-err>
      </testcase>
      <testcase name="Test Cases/SIGN IN PAGE TEST - GDA/TC_UI_003" time="12.105" classname="Test Cases/SIGN IN PAGE TEST - GDA/TC_UI_003" status="PASSED">
         <system-out><![CDATA[2020-09-23 14:41:48 - [TEST_CASE][PASSED] - Test Cases/SIGN IN PAGE TEST - GDA/TC_UI_003: Test Cases/SIGN IN PAGE TEST - GDA/TC_UI_003

2020-09-23 14:41:48 - [TEST_STEP][PASSED] - callTestCase(findTestCase("UTILITIES/Open Login Page-GDA"), [:], STOP_ON_FAILURE): Call Test Case 'Test Cases/UTILITIES/Open Login Page-GDA' successfully

2020-09-23 14:41:48 - [TEST_CASE][PASSED] - Test Cases/UTILITIES/Open Login Page-GDA: Test Cases/UTILITIES/Open Login Page-GDA

2020-09-23 14:41:48 - [TEST_STEP][PASSED] - openBrowser(""): Browser is opened with url: ''

2020-09-23 14:41:48 - [MESSAGE][WARNING] - A browser is already opened. Closing browser and opening a new one

2020-09-23 14:41:49 - [MESSAGE][INFO] - Starting 'Chrome' driver

2020-09-23 14:41:49 - [MESSAGE][INFO] - Action delay is set to 0 milliseconds

2020-09-23 14:41:52 - [MESSAGE][PASSED] - Browser is opened with url: ''

2020-09-23 14:41:52 - [TEST_STEP][PASSED] - navigateToUrl(otherurl): Navigate to 'http://covid19sandbox.test-arcadier.com' successfully

2020-09-23 14:41:56 - [MESSAGE][PASSED] - Navigate to 'http://covid19sandbox.test-arcadier.com' successfully

2020-09-23 14:41:56 - [TEST_STEP][PASSED] - waitForElementVisible(findTestObject("Page_diagnostics/a_Homepage_Sign In"), 0): Object 'Object Repository/Page_diagnostics/a_Homepage_Sign In' is visible

2020-09-23 14:41:56 - [MESSAGE][WARNING] - Timeout '0' is invalid. Using default page load timeout: '30'

2020-09-23 14:41:56 - [MESSAGE][PASSED] - Object 'Object Repository/Page_diagnostics/a_Homepage_Sign In' is visible

2020-09-23 14:41:56 - [TEST_STEP][PASSED] - click(findTestObject("Page_diagnostics/a_Homepage_Sign In")): Object: 'Object Repository/Page_diagnostics/a_Homepage_Sign In' is clicked on

2020-09-23 14:41:58 - [MESSAGE][PASSED] - Object: 'Object Repository/Page_diagnostics/a_Homepage_Sign In' is clicked on

2020-09-23 14:41:58 - [MESSAGE][PASSED] - Call Test Case 'Test Cases/UTILITIES/Open Login Page-GDA' successfully

2020-09-23 14:41:58 - [TEST_STEP][PASSED] - verifyElementVisible(findTestObject("Page_diagnostics/a_Sign in as Buyer")): Object 'Object Repository/Page_diagnostics/a_Sign in as Buyer' is visible

2020-09-23 14:41:58 - [MESSAGE][PASSED] - Object 'Object Repository/Page_diagnostics/a_Sign in as Buyer' is visible

2020-09-23 14:41:58 - [TEST_STEP][PASSED] - verifyElementText(findTestObject("Page_diagnostics/a_Sign in as Buyer"), "SIGN IN AS BUYER"): Actual text and expected text of test object 'Object Repository/Page_diagnostics/a_Sign in as Buyer' are matched.

2020-09-23 14:41:58 - [MESSAGE][PASSED] - Actual text and expected text of test object 'Object Repository/Page_diagnostics/a_Sign in as Buyer' are matched.

2020-09-23 14:41:58 - [TEST_STEP][PASSED] - verifyElementClickable(findTestObject("Page_diagnostics/a_Sign in as Buyer")): Object 'Object Repository/Page_diagnostics/a_Sign in as Buyer' is clickable

2020-09-23 14:41:59 - [MESSAGE][PASSED] - Object 'Object Repository/Page_diagnostics/a_Sign in as Buyer' is clickable

2020-09-23 14:41:59 - [TEST_STEP][PASSED] - click(findTestObject("Page_diagnostics/a_Sign in as Buyer")): Object: 'Object Repository/Page_diagnostics/a_Sign in as Buyer' is clicked on

2020-09-23 14:41:59 - [MESSAGE][PASSED] - Object: 'Object Repository/Page_diagnostics/a_Sign in as Buyer' is clicked on

2020-09-23 14:41:59 - [TEST_STEP][PASSED] - verifyElementVisible(findTestObject("Page_diagnostics/h4_Buyer Sign in")): Object 'Object Repository/Page_diagnostics/h4_Buyer Sign in' is visible

2020-09-23 14:42:00 - [MESSAGE][PASSED] - Object 'Object Repository/Page_diagnostics/h4_Buyer Sign in' is visible]]></system-out>
         <system-err><![CDATA[]]></system-err>
      </testcase>
      <testcase name="Test Cases/SIGN IN PAGE TEST - GDA/TC_UI_004" time="11.904" classname="Test Cases/SIGN IN PAGE TEST - GDA/TC_UI_004" status="PASSED">
         <system-out><![CDATA[2020-09-23 14:42:00 - [TEST_CASE][PASSED] - Test Cases/SIGN IN PAGE TEST - GDA/TC_UI_004: Test Cases/SIGN IN PAGE TEST - GDA/TC_UI_004

2020-09-23 14:42:00 - [TEST_STEP][PASSED] - callTestCase(findTestCase("UTILITIES/Open Login Page-GDA"), [:], STOP_ON_FAILURE): Call Test Case 'Test Cases/UTILITIES/Open Login Page-GDA' successfully

2020-09-23 14:42:00 - [TEST_CASE][PASSED] - Test Cases/UTILITIES/Open Login Page-GDA: Test Cases/UTILITIES/Open Login Page-GDA

2020-09-23 14:42:00 - [TEST_STEP][PASSED] - openBrowser(""): Browser is opened with url: ''

2020-09-23 14:42:00 - [MESSAGE][WARNING] - A browser is already opened. Closing browser and opening a new one

2020-09-23 14:42:01 - [MESSAGE][INFO] - Starting 'Chrome' driver

2020-09-23 14:42:01 - [MESSAGE][INFO] - Action delay is set to 0 milliseconds

2020-09-23 14:42:05 - [MESSAGE][PASSED] - Browser is opened with url: ''

2020-09-23 14:42:05 - [TEST_STEP][PASSED] - navigateToUrl(otherurl): Navigate to 'http://covid19sandbox.test-arcadier.com' successfully

2020-09-23 14:42:08 - [MESSAGE][PASSED] - Navigate to 'http://covid19sandbox.test-arcadier.com' successfully

2020-09-23 14:42:08 - [TEST_STEP][PASSED] - waitForElementVisible(findTestObject("Page_diagnostics/a_Homepage_Sign In"), 0): Object 'Object Repository/Page_diagnostics/a_Homepage_Sign In' is visible

2020-09-23 14:42:08 - [MESSAGE][WARNING] - Timeout '0' is invalid. Using default page load timeout: '30'

2020-09-23 14:42:08 - [MESSAGE][PASSED] - Object 'Object Repository/Page_diagnostics/a_Homepage_Sign In' is visible

2020-09-23 14:42:08 - [TEST_STEP][PASSED] - click(findTestObject("Page_diagnostics/a_Homepage_Sign In")): Object: 'Object Repository/Page_diagnostics/a_Homepage_Sign In' is clicked on

2020-09-23 14:42:09 - [MESSAGE][PASSED] - Object: 'Object Repository/Page_diagnostics/a_Homepage_Sign In' is clicked on

2020-09-23 14:42:09 - [MESSAGE][PASSED] - Call Test Case 'Test Cases/UTILITIES/Open Login Page-GDA' successfully

2020-09-23 14:42:09 - [TEST_STEP][PASSED] - verifyElementVisible(findTestObject("Page_diagnostics/a_Sign in as Seller")): Object 'Object Repository/Page_diagnostics/a_Sign in as Seller' is visible

2020-09-23 14:42:10 - [MESSAGE][PASSED] - Object 'Object Repository/Page_diagnostics/a_Sign in as Seller' is visible

2020-09-23 14:42:10 - [TEST_STEP][PASSED] - verifyElementText(findTestObject("Page_diagnostics/a_Sign in as Seller"), "SIGN IN AS SELLER"): Actual text and expected text of test object 'Object Repository/Page_diagnostics/a_Sign in as Seller' are matched.

2020-09-23 14:42:10 - [MESSAGE][PASSED] - Actual text and expected text of test object 'Object Repository/Page_diagnostics/a_Sign in as Seller' are matched.

2020-09-23 14:42:10 - [TEST_STEP][PASSED] - verifyElementClickable(findTestObject("Page_diagnostics/a_Sign in as Seller")): Object 'Object Repository/Page_diagnostics/a_Sign in as Seller' is clickable

2020-09-23 14:42:11 - [MESSAGE][PASSED] - Object 'Object Repository/Page_diagnostics/a_Sign in as Seller' is clickable

2020-09-23 14:42:11 - [TEST_STEP][PASSED] - click(findTestObject("Page_diagnostics/a_Sign in as Seller")): Object: 'Object Repository/Page_diagnostics/a_Sign in as Seller' is clicked on

2020-09-23 14:42:11 - [MESSAGE][PASSED] - Object: 'Object Repository/Page_diagnostics/a_Sign in as Seller' is clicked on

2020-09-23 14:42:11 - [TEST_STEP][PASSED] - verifyElementVisible(findTestObject("Page_diagnostics/h4_Seller Sign in")): Object 'Object Repository/Page_diagnostics/h4_Seller Sign in' is visible

2020-09-23 14:42:12 - [MESSAGE][PASSED] - Object 'Object Repository/Page_diagnostics/h4_Seller Sign in' is visible]]></system-out>
         <system-err><![CDATA[]]></system-err>
      </testcase>
      <testcase name="Test Cases/SIGN IN PAGE TEST - GDA/TC_UI_005" time="9.985" classname="Test Cases/SIGN IN PAGE TEST - GDA/TC_UI_005" status="PASSED">
         <system-out><![CDATA[2020-09-23 14:42:12 - [TEST_CASE][PASSED] - Test Cases/SIGN IN PAGE TEST - GDA/TC_UI_005: Test Cases/SIGN IN PAGE TEST - GDA/TC_UI_005

2020-09-23 14:42:12 - [TEST_STEP][PASSED] - callTestCase(findTestCase("UTILITIES/Open Login Page-GDA"), [:], STOP_ON_FAILURE): Call Test Case 'Test Cases/UTILITIES/Open Login Page-GDA' successfully

2020-09-23 14:42:12 - [TEST_CASE][PASSED] - Test Cases/UTILITIES/Open Login Page-GDA: Test Cases/UTILITIES/Open Login Page-GDA

2020-09-23 14:42:12 - [TEST_STEP][PASSED] - openBrowser(""): Browser is opened with url: ''

2020-09-23 14:42:12 - [MESSAGE][WARNING] - A browser is already opened. Closing browser and opening a new one

2020-09-23 14:42:13 - [MESSAGE][INFO] - Starting 'Chrome' driver

2020-09-23 14:42:13 - [MESSAGE][INFO] - Action delay is set to 0 milliseconds

2020-09-23 14:42:16 - [MESSAGE][PASSED] - Browser is opened with url: ''

2020-09-23 14:42:16 - [TEST_STEP][PASSED] - navigateToUrl(otherurl): Navigate to 'http://covid19sandbox.test-arcadier.com' successfully

2020-09-23 14:42:18 - [MESSAGE][PASSED] - Navigate to 'http://covid19sandbox.test-arcadier.com' successfully

2020-09-23 14:42:18 - [TEST_STEP][PASSED] - waitForElementVisible(findTestObject("Page_diagnostics/a_Homepage_Sign In"), 0): Object 'Object Repository/Page_diagnostics/a_Homepage_Sign In' is visible

2020-09-23 14:42:18 - [MESSAGE][WARNING] - Timeout '0' is invalid. Using default page load timeout: '30'

2020-09-23 14:42:19 - [MESSAGE][PASSED] - Object 'Object Repository/Page_diagnostics/a_Homepage_Sign In' is visible

2020-09-23 14:42:19 - [TEST_STEP][PASSED] - click(findTestObject("Page_diagnostics/a_Homepage_Sign In")): Object: 'Object Repository/Page_diagnostics/a_Homepage_Sign In' is clicked on

2020-09-23 14:42:21 - [MESSAGE][PASSED] - Object: 'Object Repository/Page_diagnostics/a_Homepage_Sign In' is clicked on

2020-09-23 14:42:21 - [MESSAGE][PASSED] - Call Test Case 'Test Cases/UTILITIES/Open Login Page-GDA' successfully

2020-09-23 14:42:21 - [TEST_STEP][PASSED] - verifyElementVisible(findTestObject("Page_diagnostics/div_Interested in joining the marketplace")): Object 'Object Repository/Page_diagnostics/div_Interested in joining the marketplace' is visible

2020-09-23 14:42:21 - [MESSAGE][PASSED] - Object 'Object Repository/Page_diagnostics/div_Interested in joining the marketplace' is visible

2020-09-23 14:42:21 - [TEST_STEP][PASSED] - verifyElementText(findTestObject("Page_diagnostics/div_Interested in joining the marketplace"), "Interested in joining the marketplace?"): Actual text and expected text of test object 'Object Repository/Page_diagnostics/div_Interested in joining the marketplace' are matched.

2020-09-23 14:42:22 - [MESSAGE][PASSED] - Actual text and expected text of test object 'Object Repository/Page_diagnostics/div_Interested in joining the marketplace' are matched.]]></system-out>
         <system-err><![CDATA[]]></system-err>
      </testcase>
      <testcase name="Test Cases/SIGN IN PAGE TEST - GDA/TC_UI_006" time="23.913" classname="Test Cases/SIGN IN PAGE TEST - GDA/TC_UI_006" status="FAILED">
         <failure type="FAILED" message="Test Cases/SIGN IN PAGE TEST - GDA/TC_UI_006 FAILED.
Reason:
com.kms.katalon.core.exception.StepFailedException: Unable to verify object 'Object Repository/Page_diagnostics/iframe_SIGN IN_JotFormIFrame-201611346099453' is visible
	at com.kms.katalon.core.webui.keyword.internal.WebUIKeywordMain.stepFailed(WebUIKeywordMain.groovy:64)
	at com.kms.katalon.core.webui.keyword.internal.WebUIKeywordMain.runKeyword(WebUIKeywordMain.groovy:26)
	at com.kms.katalon.core.webui.keyword.builtin.VerifyElementVisibleKeyword.verifyElementVisible(VerifyElementVisibleKeyword.groovy:97)
	at com.kms.katalon.core.webui.keyword.builtin.VerifyElementVisibleKeyword.execute(VerifyElementVisibleKeyword.groovy:67)
	at com.kms.katalon.core.keyword.internal.KeywordExecutor.executeKeywordForPlatform(KeywordExecutor.groovy:73)
	at com.kms.katalon.core.webui.keyword.WebUiBuiltInKeywords.verifyElementVisible(WebUiBuiltInKeywords.groovy:372)
	at com.kms.katalon.core.webui.keyword.WebUiBuiltInKeywords$verifyElementVisible$3.call(Unknown Source)
	at TC_UI_006.run(TC_UI_006:28)
	at com.kms.katalon.core.main.ScriptEngine.run(ScriptEngine.java:194)
	at com.kms.katalon.core.main.ScriptEngine.runScriptAsRawText(ScriptEngine.java:119)
	at com.kms.katalon.core.main.TestCaseExecutor.runScript(TestCaseExecutor.java:339)
	at com.kms.katalon.core.main.TestCaseExecutor.doExecute(TestCaseExecutor.java:330)
	at com.kms.katalon.core.main.TestCaseExecutor.processExecutionPhase(TestCaseExecutor.java:309)
	at com.kms.katalon.core.main.TestCaseExecutor.accessMainPhase(TestCaseExecutor.java:301)
	at com.kms.katalon.core.main.TestCaseExecutor.execute(TestCaseExecutor.java:235)
	at com.kms.katalon.core.main.TestSuiteExecutor.accessTestCaseMainPhase(TestSuiteExecutor.java:191)
	at com.kms.katalon.core.main.TestSuiteExecutor.accessTestSuiteMainPhase(TestSuiteExecutor.java:141)
	at com.kms.katalon.core.main.TestSuiteExecutor.execute(TestSuiteExecutor.java:90)
	at com.kms.katalon.core.main.TestCaseMain.startTestSuite(TestCaseMain.java:157)
	at com.kms.katalon.core.main.TestCaseMain$startTestSuite$0.call(Unknown Source)
	at TempTestSuite1600846876767.run(TempTestSuite1600846876767.groovy:39)
Caused by: org.openqa.selenium.NoSuchWindowException: no such window: target window already closed
from unknown error: web view not found
  (Session info: chrome=85.0.4183.121)
Build info: version: '3.141.59', revision: 'e82be7d358', time: '2018-11-14T08:25:53'
System info: host: 'MARTIN-PC', ip: '10.8.1.2', os.name: 'Windows 10', os.arch: 'amd64', os.version: '10.0', java.version: '1.8.0_181'
Driver info: com.kms.katalon.selenium.driver.CChromeDriver
Capabilities {acceptInsecureCerts: false, browserName: chrome, browserVersion: 85.0.4183.121, chrome: {chromedriverVersion: 85.0.4183.87 (cd6713ebf92fa..., userDataDir: C:\Users\martin\AppData\Loc...}, goog:chromeOptions: {debuggerAddress: localhost:59368}, javascriptEnabled: true, networkConnectionEnabled: false, pageLoadStrategy: normal, platform: WINDOWS, platformName: WINDOWS, proxy: Proxy(), setWindowRect: true, strictFileInteractability: false, timeouts: {implicit: 0, pageLoad: 300000, script: 30000}, unhandledPromptBehavior: dismiss and notify, webauthn:virtualAuthenticators: true}
Session ID: 2375e77258413eb888d1b7d320afa658
*** Element info: {Using=xpath, value=//iframe[@id='JotFormIFrame-201611346099453']}
	at org.openqa.selenium.remote.http.W3CHttpResponseCodec.createException(W3CHttpResponseCodec.java:187)
	at org.openqa.selenium.remote.http.W3CHttpResponseCodec.decode(W3CHttpResponseCodec.java:122)
	at org.openqa.selenium.remote.http.W3CHttpResponseCodec.decode(W3CHttpResponseCodec.java:49)
	at org.openqa.selenium.remote.HttpCommandExecutor.execute(HttpCommandExecutor.java:158)
	at org.openqa.selenium.remote.service.DriverCommandExecutor.execute(DriverCommandExecutor.java:83)
	at org.openqa.selenium.remote.RemoteWebDriver.execute(RemoteWebDriver.java:552)
	at com.kms.katalon.selenium.driver.CChromeDriver.execute(CChromeDriver.java:19)
	at org.openqa.selenium.remote.RemoteWebDriver.findElements(RemoteWebDriver.java:353)
	at org.openqa.selenium.remote.RemoteWebDriver.findElementsByXPath(RemoteWebDriver.java:432)
	at org.openqa.selenium.By$ByXPath.findElements(By.java:348)
	at org.openqa.selenium.remote.RemoteWebDriver.findElements(RemoteWebDriver.java:311)
	at org.openqa.selenium.support.events.EventFiringWebDriver.lambda$new$1(EventFiringWebDriver.java:105)
	at com.sun.proxy.$Proxy8.findElements(Unknown Source)
	at org.openqa.selenium.support.events.EventFiringWebDriver.findElements(EventFiringWebDriver.java:182)
	at com.kms.katalon.core.webui.common.WebUiCommonHelper.findElementByNormalMethods(WebUiCommonHelper.java:1013)
	at com.kms.katalon.core.webui.common.WebUiCommonHelper.findElementsBySelectedMethod(WebUiCommonHelper.java:908)
	at com.kms.katalon.core.webui.common.WebUiCommonHelper.findElementsBySelectedMethod(WebUiCommonHelper.java:891)
	at com.kms.katalon.core.webui.common.WebUiCommonHelper.findElementsBySelectedMethod(WebUiCommonHelper.java:886)
	at com.kms.katalon.core.webui.common.WebUiCommonHelper.findElementsByDefault(WebUiCommonHelper.java:882)
	at com.kms.katalon.core.webui.common.WebUiCommonHelper.findElementsWithSelfHealing(WebUiCommonHelper.java:732)
	at com.kms.katalon.core.webui.common.WebUiCommonHelper.findWebElements(WebUiCommonHelper.java:717)
	at com.kms.katalon.core.webui.common.WebUiCommonHelper.findWebElement(WebUiCommonHelper.java:1363)
	at com.kms.katalon.core.webui.keyword.internal.WebUIAbstractKeyword.findWebElement(WebUIAbstractKeyword.groovy:27)
	at com.kms.katalon.core.webui.keyword.builtin.VerifyElementVisibleKeyword$_verifyElementVisible_closure1.doCall(VerifyElementVisibleKeyword.groovy:78)
	at com.kms.katalon.core.webui.keyword.builtin.VerifyElementVisibleKeyword$_verifyElementVisible_closure1.call(VerifyElementVisibleKeyword.groovy)
	at com.kms.katalon.core.webui.keyword.internal.WebUIKeywordMain.runKeyword(WebUIKeywordMain.groovy:20)
	... 19 more
"/>
         <system-out><![CDATA[2020-09-23 14:42:22 - [TEST_CASE][FAILED] - Test Cases/SIGN IN PAGE TEST - GDA/TC_UI_006: Test Cases/SIGN IN PAGE TEST - GDA/TC_UI_006 FAILED.
Reason:
com.kms.katalon.core.exception.StepFailedException: Unable to verify object 'Object Repository/Page_diagnostics/iframe_SIGN IN_JotFormIFrame-201611346099453' is visible
	at com.kms.katalon.core.webui.keyword.internal.WebUIKeywordMain.stepFailed(WebUIKeywordMain.groovy:64)
	at com.kms.katalon.core.webui.keyword.internal.WebUIKeywordMain.runKeyword(WebUIKeywordMain.groovy:26)
	at com.kms.katalon.core.webui.keyword.builtin.VerifyElementVisibleKeyword.verifyElementVisible(VerifyElementVisibleKeyword.groovy:97)
	at com.kms.katalon.core.webui.keyword.builtin.VerifyElementVisibleKeyword.execute(VerifyElementVisibleKeyword.groovy:67)
	at com.kms.katalon.core.keyword.internal.KeywordExecutor.executeKeywordForPlatform(KeywordExecutor.groovy:73)
	at com.kms.katalon.core.webui.keyword.WebUiBuiltInKeywords.verifyElementVisible(WebUiBuiltInKeywords.groovy:372)
	at com.kms.katalon.core.webui.keyword.WebUiBuiltInKeywords$verifyElementVisible$3.call(Unknown Source)
	at TC_UI_006.run(TC_UI_006:28)
	at com.kms.katalon.core.main.ScriptEngine.run(ScriptEngine.java:194)
	at com.kms.katalon.core.main.ScriptEngine.runScriptAsRawText(ScriptEngine.java:119)
	at com.kms.katalon.core.main.TestCaseExecutor.runScript(TestCaseExecutor.java:339)
	at com.kms.katalon.core.main.TestCaseExecutor.doExecute(TestCaseExecutor.java:330)
	at com.kms.katalon.core.main.TestCaseExecutor.processExecutionPhase(TestCaseExecutor.java:309)
	at com.kms.katalon.core.main.TestCaseExecutor.accessMainPhase(TestCaseExecutor.java:301)
	at com.kms.katalon.core.main.TestCaseExecutor.execute(TestCaseExecutor.java:235)
	at com.kms.katalon.core.main.TestSuiteExecutor.accessTestCaseMainPhase(TestSuiteExecutor.java:191)
	at com.kms.katalon.core.main.TestSuiteExecutor.accessTestSuiteMainPhase(TestSuiteExecutor.java:141)
	at com.kms.katalon.core.main.TestSuiteExecutor.execute(TestSuiteExecutor.java:90)
	at com.kms.katalon.core.main.TestCaseMain.startTestSuite(TestCaseMain.java:157)
	at com.kms.katalon.core.main.TestCaseMain$startTestSuite$0.call(Unknown Source)
	at TempTestSuite1600846876767.run(TempTestSuite1600846876767.groovy:39)
Caused by: org.openqa.selenium.NoSuchWindowException: no such window: target window already closed
from unknown error: web view not found
  (Session info: chrome=85.0.4183.121)
Build info: version: '3.141.59', revision: 'e82be7d358', time: '2018-11-14T08:25:53'
System info: host: 'MARTIN-PC', ip: '10.8.1.2', os.name: 'Windows 10', os.arch: 'amd64', os.version: '10.0', java.version: '1.8.0_181'
Driver info: com.kms.katalon.selenium.driver.CChromeDriver
Capabilities {acceptInsecureCerts: false, browserName: chrome, browserVersion: 85.0.4183.121, chrome: {chromedriverVersion: 85.0.4183.87 (cd6713ebf92fa..., userDataDir: C:\Users\martin\AppData\Loc...}, goog:chromeOptions: {debuggerAddress: localhost:59368}, javascriptEnabled: true, networkConnectionEnabled: false, pageLoadStrategy: normal, platform: WINDOWS, platformName: WINDOWS, proxy: Proxy(), setWindowRect: true, strictFileInteractability: false, timeouts: {implicit: 0, pageLoad: 300000, script: 30000}, unhandledPromptBehavior: dismiss and notify, webauthn:virtualAuthenticators: true}
Session ID: 2375e77258413eb888d1b7d320afa658
*** Element info: {Using=xpath, value=//iframe[@id='JotFormIFrame-201611346099453']}
	at org.openqa.selenium.remote.http.W3CHttpResponseCodec.createException(W3CHttpResponseCodec.java:187)
	at org.openqa.selenium.remote.http.W3CHttpResponseCodec.decode(W3CHttpResponseCodec.java:122)
	at org.openqa.selenium.remote.http.W3CHttpResponseCodec.decode(W3CHttpResponseCodec.java:49)
	at org.openqa.selenium.remote.HttpCommandExecutor.execute(HttpCommandExecutor.java:158)
	at org.openqa.selenium.remote.service.DriverCommandExecutor.execute(DriverCommandExecutor.java:83)
	at org.openqa.selenium.remote.RemoteWebDriver.execute(RemoteWebDriver.java:552)
	at com.kms.katalon.selenium.driver.CChromeDriver.execute(CChromeDriver.java:19)
	at org.openqa.selenium.remote.RemoteWebDriver.findElements(RemoteWebDriver.java:353)
	at org.openqa.selenium.remote.RemoteWebDriver.findElementsByXPath(RemoteWebDriver.java:432)
	at org.openqa.selenium.By$ByXPath.findElements(By.java:348)
	at org.openqa.selenium.remote.RemoteWebDriver.findElements(RemoteWebDriver.java:311)
	at org.openqa.selenium.support.events.EventFiringWebDriver.lambda$new$1(EventFiringWebDriver.java:105)
	at com.sun.proxy.$Proxy8.findElements(Unknown Source)
	at org.openqa.selenium.support.events.EventFiringWebDriver.findElements(EventFiringWebDriver.java:182)
	at com.kms.katalon.core.webui.common.WebUiCommonHelper.findElementByNormalMethods(WebUiCommonHelper.java:1013)
	at com.kms.katalon.core.webui.common.WebUiCommonHelper.findElementsBySelectedMethod(WebUiCommonHelper.java:908)
	at com.kms.katalon.core.webui.common.WebUiCommonHelper.findElementsBySelectedMethod(WebUiCommonHelper.java:891)
	at com.kms.katalon.core.webui.common.WebUiCommonHelper.findElementsBySelectedMethod(WebUiCommonHelper.java:886)
	at com.kms.katalon.core.webui.common.WebUiCommonHelper.findElementsByDefault(WebUiCommonHelper.java:882)
	at com.kms.katalon.core.webui.common.WebUiCommonHelper.findElementsWithSelfHealing(WebUiCommonHelper.java:732)
	at com.kms.katalon.core.webui.common.WebUiCommonHelper.findWebElements(WebUiCommonHelper.java:717)
	at com.kms.katalon.core.webui.common.WebUiCommonHelper.findWebElement(WebUiCommonHelper.java:1363)
	at com.kms.katalon.core.webui.keyword.internal.WebUIAbstractKeyword.findWebElement(WebUIAbstractKeyword.groovy:27)
	at com.kms.katalon.core.webui.keyword.builtin.VerifyElementVisibleKeyword$_verifyElementVisible_closure1.doCall(VerifyElementVisibleKeyword.groovy:78)
	at com.kms.katalon.core.webui.keyword.builtin.VerifyElementVisibleKeyword$_verifyElementVisible_closure1.call(VerifyElementVisibleKeyword.groovy)
	at com.kms.katalon.core.webui.keyword.internal.WebUIKeywordMain.runKeyword(WebUIKeywordMain.groovy:20)
	... 19 more


2020-09-23 14:42:22 - [TEST_STEP][PASSED] - callTestCase(findTestCase("UTILITIES/Open Login Page-GDA"), [:], STOP_ON_FAILURE): Call Test Case 'Test Cases/UTILITIES/Open Login Page-GDA' successfully

2020-09-23 14:42:22 - [TEST_CASE][PASSED] - Test Cases/UTILITIES/Open Login Page-GDA: Test Cases/UTILITIES/Open Login Page-GDA

2020-09-23 14:42:22 - [TEST_STEP][PASSED] - openBrowser(""): Browser is opened with url: ''

2020-09-23 14:42:22 - [MESSAGE][WARNING] - A browser is already opened. Closing browser and opening a new one

2020-09-23 14:42:23 - [MESSAGE][INFO] - Starting 'Chrome' driver

2020-09-23 14:42:23 - [MESSAGE][INFO] - Action delay is set to 0 milliseconds

2020-09-23 14:42:27 - [MESSAGE][PASSED] - Browser is opened with url: ''

2020-09-23 14:42:27 - [TEST_STEP][PASSED] - navigateToUrl(otherurl): Navigate to 'http://covid19sandbox.test-arcadier.com' successfully

2020-09-23 14:42:31 - [MESSAGE][PASSED] - Navigate to 'http://covid19sandbox.test-arcadier.com' successfully

2020-09-23 14:42:31 - [TEST_STEP][PASSED] - waitForElementVisible(findTestObject("Page_diagnostics/a_Homepage_Sign In"), 0): Object 'Object Repository/Page_diagnostics/a_Homepage_Sign In' is visible

2020-09-23 14:42:31 - [MESSAGE][WARNING] - Timeout '0' is invalid. Using default page load timeout: '30'

2020-09-23 14:42:32 - [MESSAGE][PASSED] - Object 'Object Repository/Page_diagnostics/a_Homepage_Sign In' is visible

2020-09-23 14:42:32 - [TEST_STEP][PASSED] - click(findTestObject("Page_diagnostics/a_Homepage_Sign In")): Object: 'Object Repository/Page_diagnostics/a_Homepage_Sign In' is clicked on

2020-09-23 14:42:33 - [MESSAGE][PASSED] - Object: 'Object Repository/Page_diagnostics/a_Homepage_Sign In' is clicked on

2020-09-23 14:42:33 - [MESSAGE][PASSED] - Call Test Case 'Test Cases/UTILITIES/Open Login Page-GDA' successfully

2020-09-23 14:42:33 - [TEST_STEP][PASSED] - verifyElementVisible(findTestObject("Page_diagnostics/a_Click here to let us know")): Object 'Object Repository/Page_diagnostics/a_Click here to let us know' is visible

2020-09-23 14:42:34 - [MESSAGE][PASSED] - Object 'Object Repository/Page_diagnostics/a_Click here to let us know' is visible

2020-09-23 14:42:34 - [TEST_STEP][PASSED] - verifyElementText(findTestObject("Page_diagnostics/a_Click here to let us know"), "CLICK HERE TO LET US KNOW!"): Actual text and expected text of test object 'Object Repository/Page_diagnostics/a_Click here to let us know' are matched.

2020-09-23 14:42:34 - [MESSAGE][PASSED] - Actual text and expected text of test object 'Object Repository/Page_diagnostics/a_Click here to let us know' are matched.

2020-09-23 14:42:34 - [TEST_STEP][PASSED] - verifyElementClickable(findTestObject("Page_diagnostics/a_Click here to let us know")): Object 'Object Repository/Page_diagnostics/a_Click here to let us know' is clickable

2020-09-23 14:42:34 - [MESSAGE][PASSED] - Object 'Object Repository/Page_diagnostics/a_Click here to let us know' is clickable

2020-09-23 14:42:34 - [TEST_STEP][PASSED] - click(findTestObject("Page_diagnostics/a_Click here to let us know")): Object: 'Object Repository/Page_diagnostics/a_Click here to let us know' is clicked on

2020-09-23 14:42:35 - [MESSAGE][PASSED] - Object: 'Object Repository/Page_diagnostics/a_Click here to let us know' is clicked on

2020-09-23 14:42:35 - [TEST_STEP][FAILED] - verifyElementVisible(findTestObject("Page_diagnostics/iframe_SIGN IN_JotFormIFrame-201611346099453")): Unable to verify object 'Object Repository/Page_diagnostics/iframe_SIGN IN_JotFormIFrame-201611346099453' is visible (Root cause: com.kms.katalon.core.exception.StepFailedException: Unable to verify object 'Object Repository/Page_diagnostics/iframe_SIGN IN_JotFormIFrame-201611346099453' is visible
	at com.kms.katalon.core.webui.keyword.internal.WebUIKeywordMain.stepFailed(WebUIKeywordMain.groovy:64)
	at com.kms.katalon.core.webui.keyword.internal.WebUIKeywordMain.runKeyword(WebUIKeywordMain.groovy:26)
	at com.kms.katalon.core.webui.keyword.builtin.VerifyElementVisibleKeyword.verifyElementVisible(VerifyElementVisibleKeyword.groovy:97)
	at com.kms.katalon.core.webui.keyword.builtin.VerifyElementVisibleKeyword.execute(VerifyElementVisibleKeyword.groovy:67)
	at com.kms.katalon.core.keyword.internal.KeywordExecutor.executeKeywordForPlatform(KeywordExecutor.groovy:73)
	at com.kms.katalon.core.webui.keyword.WebUiBuiltInKeywords.verifyElementVisible(WebUiBuiltInKeywords.groovy:372)
	at com.kms.katalon.core.webui.keyword.WebUiBuiltInKeywords$verifyElementVisible$3.call(Unknown Source)
	at TC_UI_006.run(TC_UI_006:28)
	at com.kms.katalon.core.main.ScriptEngine.run(ScriptEngine.java:194)
	at com.kms.katalon.core.main.ScriptEngine.runScriptAsRawText(ScriptEngine.java:119)
	at com.kms.katalon.core.main.TestCaseExecutor.runScript(TestCaseExecutor.java:339)
	at com.kms.katalon.core.main.TestCaseExecutor.doExecute(TestCaseExecutor.java:330)
	at com.kms.katalon.core.main.TestCaseExecutor.processExecutionPhase(TestCaseExecutor.java:309)
	at com.kms.katalon.core.main.TestCaseExecutor.accessMainPhase(TestCaseExecutor.java:301)
	at com.kms.katalon.core.main.TestCaseExecutor.execute(TestCaseExecutor.java:235)
	at com.kms.katalon.core.main.TestSuiteExecutor.accessTestCaseMainPhase(TestSuiteExecutor.java:191)
	at com.kms.katalon.core.main.TestSuiteExecutor.accessTestSuiteMainPhase(TestSuiteExecutor.java:141)
	at com.kms.katalon.core.main.TestSuiteExecutor.execute(TestSuiteExecutor.java:90)
	at com.kms.katalon.core.main.TestCaseMain.startTestSuite(TestCaseMain.java:157)
	at com.kms.katalon.core.main.TestCaseMain$startTestSuite$0.call(Unknown Source)
	at TempTestSuite1600846876767.run(TempTestSuite1600846876767.groovy:39)
Caused by: org.openqa.selenium.NoSuchWindowException: no such window: target window already closed
from unknown error: web view not found
  (Session info: chrome=85.0.4183.121)
Build info: version: '3.141.59', revision: 'e82be7d358', time: '2018-11-14T08:25:53'
System info: host: 'MARTIN-PC', ip: '10.8.1.2', os.name: 'Windows 10', os.arch: 'amd64', os.version: '10.0', java.version: '1.8.0_181'
Driver info: com.kms.katalon.selenium.driver.CChromeDriver
Capabilities {acceptInsecureCerts: false, browserName: chrome, browserVersion: 85.0.4183.121, chrome: {chromedriverVersion: 85.0.4183.87 (cd6713ebf92fa..., userDataDir: C:\Users\martin\AppData\Loc...}, goog:chromeOptions: {debuggerAddress: localhost:59368}, javascriptEnabled: true, networkConnectionEnabled: false, pageLoadStrategy: normal, platform: WINDOWS, platformName: WINDOWS, proxy: Proxy(), setWindowRect: true, strictFileInteractability: false, timeouts: {implicit: 0, pageLoad: 300000, script: 30000}, unhandledPromptBehavior: dismiss and notify, webauthn:virtualAuthenticators: true}
Session ID: 2375e77258413eb888d1b7d320afa658
*** Element info: {Using=xpath, value=//iframe[@id='JotFormIFrame-201611346099453']}
	at org.openqa.selenium.remote.http.W3CHttpResponseCodec.createException(W3CHttpResponseCodec.java:187)
	at org.openqa.selenium.remote.http.W3CHttpResponseCodec.decode(W3CHttpResponseCodec.java:122)
	at org.openqa.selenium.remote.http.W3CHttpResponseCodec.decode(W3CHttpResponseCodec.java:49)
	at org.openqa.selenium.remote.HttpCommandExecutor.execute(HttpCommandExecutor.java:158)
	at org.openqa.selenium.remote.service.DriverCommandExecutor.execute(DriverCommandExecutor.java:83)
	at org.openqa.selenium.remote.RemoteWebDriver.execute(RemoteWebDriver.java:552)
	at com.kms.katalon.selenium.driver.CChromeDriver.execute(CChromeDriver.java:19)
	at org.openqa.selenium.remote.RemoteWebDriver.findElements(RemoteWebDriver.java:353)
	at org.openqa.selenium.remote.RemoteWebDriver.findElementsByXPath(RemoteWebDriver.java:432)
	at org.openqa.selenium.By$ByXPath.findElements(By.java:348)
	at org.openqa.selenium.remote.RemoteWebDriver.findElements(RemoteWebDriver.java:311)
	at org.openqa.selenium.support.events.EventFiringWebDriver.lambda$new$1(EventFiringWebDriver.java:105)
	at com.sun.proxy.$Proxy8.findElements(Unknown Source)
	at org.openqa.selenium.support.events.EventFiringWebDriver.findElements(EventFiringWebDriver.java:182)
	at com.kms.katalon.core.webui.common.WebUiCommonHelper.findElementByNormalMethods(WebUiCommonHelper.java:1013)
	at com.kms.katalon.core.webui.common.WebUiCommonHelper.findElementsBySelectedMethod(WebUiCommonHelper.java:908)
	at com.kms.katalon.core.webui.common.WebUiCommonHelper.findElementsBySelectedMethod(WebUiCommonHelper.java:891)
	at com.kms.katalon.core.webui.common.WebUiCommonHelper.findElementsBySelectedMethod(WebUiCommonHelper.java:886)
	at com.kms.katalon.core.webui.common.WebUiCommonHelper.findElementsByDefault(WebUiCommonHelper.java:882)
	at com.kms.katalon.core.webui.common.WebUiCommonHelper.findElementsWithSelfHealing(WebUiCommonHelper.java:732)
	at com.kms.katalon.core.webui.common.WebUiCommonHelper.findWebElements(WebUiCommonHelper.java:717)
	at com.kms.katalon.core.webui.common.WebUiCommonHelper.findWebElement(WebUiCommonHelper.java:1363)
	at com.kms.katalon.core.webui.keyword.internal.WebUIAbstractKeyword.findWebElement(WebUIAbstractKeyword.groovy:27)
	at com.kms.katalon.core.webui.keyword.builtin.VerifyElementVisibleKeyword$_verifyElementVisible_closure1.doCall(VerifyElementVisibleKeyword.groovy:78)
	at com.kms.katalon.core.webui.keyword.builtin.VerifyElementVisibleKeyword$_verifyElementVisible_closure1.call(VerifyElementVisibleKeyword.groovy)
	at com.kms.katalon.core.webui.keyword.internal.WebUIKeywordMain.runKeyword(WebUIKeywordMain.groovy:20)
	at com.kms.katalon.core.webui.keyword.builtin.VerifyElementVisibleKeyword.verifyElementVisible(VerifyElementVisibleKeyword.groovy:97)
	at com.kms.katalon.core.webui.keyword.builtin.VerifyElementVisibleKeyword.execute(VerifyElementVisibleKeyword.groovy:67)
	at com.kms.katalon.core.keyword.internal.KeywordExecutor.executeKeywordForPlatform(KeywordExecutor.groovy:73)
	at com.kms.katalon.core.webui.keyword.WebUiBuiltInKeywords.verifyElementVisible(WebUiBuiltInKeywords.groovy:372)
	at com.kms.katalon.core.webui.keyword.WebUiBuiltInKeywords$verifyElementVisible$3.call(Unknown Source)
	at Script1600846706653.run(Script1600846706653.groovy:28)
	... 13 more
)

2020-09-23 14:42:45 - [MESSAGE][WARNING] - [SELF-HEALING] Failed to find element with id 'Object Repository/Page_diagnostics/iframe_SIGN IN_JotFormIFrame-201611346099453'. Try using Self-healing.

2020-09-23 14:42:45 - [MESSAGE][WARNING] - [SELF-HEALING] no such window: target window already closed
from unknown error: web view not found
  (Session info: chrome=85.0.4183.121)
Build info: version: '3.141.59', revision: 'e82be7d358', time: '2018-11-14T08:25:53'
System info: host: 'MARTIN-PC', ip: '10.8.1.2', os.name: 'Windows 10', os.arch: 'amd64', os.version: '10.0', java.version: '1.8.0_181'
Driver info: com.kms.katalon.selenium.driver.CChromeDriver
Capabilities {acceptInsecureCerts: false, browserName: chrome, browserVersion: 85.0.4183.121, chrome: {chromedriverVersion: 85.0.4183.87 (cd6713ebf92fa..., userDataDir: C:\Users\martin\AppData\Loc...}, goog:chromeOptions: {debuggerAddress: localhost:59368}, javascriptEnabled: true, networkConnectionEnabled: false, pageLoadStrategy: normal, platform: WINDOWS, platformName: WINDOWS, proxy: Proxy(), setWindowRect: true, strictFileInteractability: false, timeouts: {implicit: 0, pageLoad: 300000, script: 30000}, unhandledPromptBehavior: dismiss and notify, webauthn:virtualAuthenticators: true}
Session ID: 2375e77258413eb888d1b7d320afa658
*** Element info: {Using=xpath, value=//iframe[@id='JotFormIFrame-201611346099453']}

2020-09-23 14:42:45 - [MESSAGE][WARNING] - [SELF-HEALING] no such window: target window already closed
from unknown error: web view not found
  (Session info: chrome=85.0.4183.121)
Build info: version: '3.141.59', revision: 'e82be7d358', time: '2018-11-14T08:25:53'
System info: host: 'MARTIN-PC', ip: '10.8.1.2', os.name: 'Windows 10', os.arch: 'amd64', os.version: '10.0', java.version: '1.8.0_181'
Driver info: com.kms.katalon.selenium.driver.CChromeDriver
Capabilities {acceptInsecureCerts: false, browserName: chrome, browserVersion: 85.0.4183.121, chrome: {chromedriverVersion: 85.0.4183.87 (cd6713ebf92fa..., userDataDir: C:\Users\martin\AppData\Loc...}, goog:chromeOptions: {debuggerAddress: localhost:59368}, javascriptEnabled: true, networkConnectionEnabled: false, pageLoadStrategy: normal, platform: WINDOWS, platformName: WINDOWS, proxy: Proxy(), setWindowRect: true, strictFileInteractability: false, timeouts: {implicit: 0, pageLoad: 300000, script: 30000}, unhandledPromptBehavior: dismiss and notify, webauthn:virtualAuthenticators: true}
Session ID: 2375e77258413eb888d1b7d320afa658
*** Element info: {Using=xpath, value=//*[@id = 'JotFormIFrame-201611346099453' and @src = 'https://form.jotform.com/arcadier/pre-onboarding-vetting-form' and @title = 'Pre-onboarding Vetting Form']}

2020-09-23 14:42:45 - [MESSAGE][WARNING] - [SELF-HEALING] no such window: target window already closed
from unknown error: web view not found
  (Session info: chrome=85.0.4183.121)
Build info: version: '3.141.59', revision: 'e82be7d358', time: '2018-11-14T08:25:53'
System info: host: 'MARTIN-PC', ip: '10.8.1.2', os.name: 'Windows 10', os.arch: 'amd64', os.version: '10.0', java.version: '1.8.0_181'
Driver info: com.kms.katalon.selenium.driver.CChromeDriver
Capabilities {acceptInsecureCerts: false, browserName: chrome, browserVersion: 85.0.4183.121, chrome: {chromedriverVersion: 85.0.4183.87 (cd6713ebf92fa..., userDataDir: C:\Users\martin\AppData\Loc...}, goog:chromeOptions: {debuggerAddress: localhost:59368}, javascriptEnabled: true, networkConnectionEnabled: false, pageLoadStrategy: normal, platform: WINDOWS, platformName: WINDOWS, proxy: Proxy(), setWindowRect: true, strictFileInteractability: false, timeouts: {implicit: 0, pageLoad: 300000, script: 30000}, unhandledPromptBehavior: dismiss and notify, webauthn:virtualAuthenticators: true}
Session ID: 2375e77258413eb888d1b7d320afa658
*** Element info: {Using=css selector, value=#JotFormIFrame-201611346099453}

2020-09-23 14:42:45 - [MESSAGE][WARNING] - Cannot take screenshot

2020-09-23 14:42:45 - [MESSAGE][FAILED] - Unable to verify object 'Object Repository/Page_diagnostics/iframe_SIGN IN_JotFormIFrame-201611346099453' is visible (Root cause: com.kms.katalon.core.exception.StepFailedException: Unable to verify object 'Object Repository/Page_diagnostics/iframe_SIGN IN_JotFormIFrame-201611346099453' is visible
	at com.kms.katalon.core.webui.keyword.internal.WebUIKeywordMain.stepFailed(WebUIKeywordMain.groovy:64)
	at com.kms.katalon.core.webui.keyword.internal.WebUIKeywordMain.runKeyword(WebUIKeywordMain.groovy:26)
	at com.kms.katalon.core.webui.keyword.builtin.VerifyElementVisibleKeyword.verifyElementVisible(VerifyElementVisibleKeyword.groovy:97)
	at com.kms.katalon.core.webui.keyword.builtin.VerifyElementVisibleKeyword.execute(VerifyElementVisibleKeyword.groovy:67)
	at com.kms.katalon.core.keyword.internal.KeywordExecutor.executeKeywordForPlatform(KeywordExecutor.groovy:73)
	at com.kms.katalon.core.webui.keyword.WebUiBuiltInKeywords.verifyElementVisible(WebUiBuiltInKeywords.groovy:372)
	at com.kms.katalon.core.webui.keyword.WebUiBuiltInKeywords$verifyElementVisible$3.call(Unknown Source)
	at TC_UI_006.run(TC_UI_006:28)
	at com.kms.katalon.core.main.ScriptEngine.run(ScriptEngine.java:194)
	at com.kms.katalon.core.main.ScriptEngine.runScriptAsRawText(ScriptEngine.java:119)
	at com.kms.katalon.core.main.TestCaseExecutor.runScript(TestCaseExecutor.java:339)
	at com.kms.katalon.core.main.TestCaseExecutor.doExecute(TestCaseExecutor.java:330)
	at com.kms.katalon.core.main.TestCaseExecutor.processExecutionPhase(TestCaseExecutor.java:309)
	at com.kms.katalon.core.main.TestCaseExecutor.accessMainPhase(TestCaseExecutor.java:301)
	at com.kms.katalon.core.main.TestCaseExecutor.execute(TestCaseExecutor.java:235)
	at com.kms.katalon.core.main.TestSuiteExecutor.accessTestCaseMainPhase(TestSuiteExecutor.java:191)
	at com.kms.katalon.core.main.TestSuiteExecutor.accessTestSuiteMainPhase(TestSuiteExecutor.java:141)
	at com.kms.katalon.core.main.TestSuiteExecutor.execute(TestSuiteExecutor.java:90)
	at com.kms.katalon.core.main.TestCaseMain.startTestSuite(TestCaseMain.java:157)
	at com.kms.katalon.core.main.TestCaseMain$startTestSuite$0.call(Unknown Source)
	at TempTestSuite1600846876767.run(TempTestSuite1600846876767.groovy:39)
Caused by: org.openqa.selenium.NoSuchWindowException: no such window: target window already closed
from unknown error: web view not found
  (Session info: chrome=85.0.4183.121)
Build info: version: '3.141.59', revision: 'e82be7d358', time: '2018-11-14T08:25:53'
System info: host: 'MARTIN-PC', ip: '10.8.1.2', os.name: 'Windows 10', os.arch: 'amd64', os.version: '10.0', java.version: '1.8.0_181'
Driver info: com.kms.katalon.selenium.driver.CChromeDriver
Capabilities {acceptInsecureCerts: false, browserName: chrome, browserVersion: 85.0.4183.121, chrome: {chromedriverVersion: 85.0.4183.87 (cd6713ebf92fa..., userDataDir: C:\Users\martin\AppData\Loc...}, goog:chromeOptions: {debuggerAddress: localhost:59368}, javascriptEnabled: true, networkConnectionEnabled: false, pageLoadStrategy: normal, platform: WINDOWS, platformName: WINDOWS, proxy: Proxy(), setWindowRect: true, strictFileInteractability: false, timeouts: {implicit: 0, pageLoad: 300000, script: 30000}, unhandledPromptBehavior: dismiss and notify, webauthn:virtualAuthenticators: true}
Session ID: 2375e77258413eb888d1b7d320afa658
*** Element info: {Using=xpath, value=//iframe[@id='JotFormIFrame-201611346099453']}
	at org.openqa.selenium.remote.http.W3CHttpResponseCodec.createException(W3CHttpResponseCodec.java:187)
	at org.openqa.selenium.remote.http.W3CHttpResponseCodec.decode(W3CHttpResponseCodec.java:122)
	at org.openqa.selenium.remote.http.W3CHttpResponseCodec.decode(W3CHttpResponseCodec.java:49)
	at org.openqa.selenium.remote.HttpCommandExecutor.execute(HttpCommandExecutor.java:158)
	at org.openqa.selenium.remote.service.DriverCommandExecutor.execute(DriverCommandExecutor.java:83)
	at org.openqa.selenium.remote.RemoteWebDriver.execute(RemoteWebDriver.java:552)
	at com.kms.katalon.selenium.driver.CChromeDriver.execute(CChromeDriver.java:19)
	at org.openqa.selenium.remote.RemoteWebDriver.findElements(RemoteWebDriver.java:353)
	at org.openqa.selenium.remote.RemoteWebDriver.findElementsByXPath(RemoteWebDriver.java:432)
	at org.openqa.selenium.By$ByXPath.findElements(By.java:348)
	at org.openqa.selenium.remote.RemoteWebDriver.findElements(RemoteWebDriver.java:311)
	at org.openqa.selenium.support.events.EventFiringWebDriver.lambda$new$1(EventFiringWebDriver.java:105)
	at com.sun.proxy.$Proxy8.findElements(Unknown Source)
	at org.openqa.selenium.support.events.EventFiringWebDriver.findElements(EventFiringWebDriver.java:182)
	at com.kms.katalon.core.webui.common.WebUiCommonHelper.findElementByNormalMethods(WebUiCommonHelper.java:1013)
	at com.kms.katalon.core.webui.common.WebUiCommonHelper.findElementsBySelectedMethod(WebUiCommonHelper.java:908)
	at com.kms.katalon.core.webui.common.WebUiCommonHelper.findElementsBySelectedMethod(WebUiCommonHelper.java:891)
	at com.kms.katalon.core.webui.common.WebUiCommonHelper.findElementsBySelectedMethod(WebUiCommonHelper.java:886)
	at com.kms.katalon.core.webui.common.WebUiCommonHelper.findElementsByDefault(WebUiCommonHelper.java:882)
	at com.kms.katalon.core.webui.common.WebUiCommonHelper.findElementsWithSelfHealing(WebUiCommonHelper.java:732)
	at com.kms.katalon.core.webui.common.WebUiCommonHelper.findWebElements(WebUiCommonHelper.java:717)
	at com.kms.katalon.core.webui.common.WebUiCommonHelper.findWebElement(WebUiCommonHelper.java:1363)
	at com.kms.katalon.core.webui.keyword.internal.WebUIAbstractKeyword.findWebElement(WebUIAbstractKeyword.groovy:27)
	at com.kms.katalon.core.webui.keyword.builtin.VerifyElementVisibleKeyword$_verifyElementVisible_closure1.doCall(VerifyElementVisibleKeyword.groovy:78)
	at com.kms.katalon.core.webui.keyword.builtin.VerifyElementVisibleKeyword$_verifyElementVisible_closure1.call(VerifyElementVisibleKeyword.groovy)
	at com.kms.katalon.core.webui.keyword.internal.WebUIKeywordMain.runKeyword(WebUIKeywordMain.groovy:20)
	at com.kms.katalon.core.webui.keyword.builtin.VerifyElementVisibleKeyword.verifyElementVisible(VerifyElementVisibleKeyword.groovy:97)
	at com.kms.katalon.core.webui.keyword.builtin.VerifyElementVisibleKeyword.execute(VerifyElementVisibleKeyword.groovy:67)
	at com.kms.katalon.core.keyword.internal.KeywordExecutor.executeKeywordForPlatform(KeywordExecutor.groovy:73)
	at com.kms.katalon.core.webui.keyword.WebUiBuiltInKeywords.verifyElementVisible(WebUiBuiltInKeywords.groovy:372)
	at com.kms.katalon.core.webui.keyword.WebUiBuiltInKeywords$verifyElementVisible$3.call(Unknown Source)
	at Script1600846706653.run(Script1600846706653.groovy:28)
	... 13 more
)]]></system-out>
         <system-err><![CDATA[2020-09-23 14:42:22 - [TEST_CASE][FAILED] - Test Cases/SIGN IN PAGE TEST - GDA/TC_UI_006: Test Cases/SIGN IN PAGE TEST - GDA/TC_UI_006 FAILED.
Reason:
com.kms.katalon.core.exception.StepFailedException: Unable to verify object 'Object Repository/Page_diagnostics/iframe_SIGN IN_JotFormIFrame-201611346099453' is visible
	at com.kms.katalon.core.webui.keyword.internal.WebUIKeywordMain.stepFailed(WebUIKeywordMain.groovy:64)
	at com.kms.katalon.core.webui.keyword.internal.WebUIKeywordMain.runKeyword(WebUIKeywordMain.groovy:26)
	at com.kms.katalon.core.webui.keyword.builtin.VerifyElementVisibleKeyword.verifyElementVisible(VerifyElementVisibleKeyword.groovy:97)
	at com.kms.katalon.core.webui.keyword.builtin.VerifyElementVisibleKeyword.execute(VerifyElementVisibleKeyword.groovy:67)
	at com.kms.katalon.core.keyword.internal.KeywordExecutor.executeKeywordForPlatform(KeywordExecutor.groovy:73)
	at com.kms.katalon.core.webui.keyword.WebUiBuiltInKeywords.verifyElementVisible(WebUiBuiltInKeywords.groovy:372)
	at com.kms.katalon.core.webui.keyword.WebUiBuiltInKeywords$verifyElementVisible$3.call(Unknown Source)
	at TC_UI_006.run(TC_UI_006:28)
	at com.kms.katalon.core.main.ScriptEngine.run(ScriptEngine.java:194)
	at com.kms.katalon.core.main.ScriptEngine.runScriptAsRawText(ScriptEngine.java:119)
	at com.kms.katalon.core.main.TestCaseExecutor.runScript(TestCaseExecutor.java:339)
	at com.kms.katalon.core.main.TestCaseExecutor.doExecute(TestCaseExecutor.java:330)
	at com.kms.katalon.core.main.TestCaseExecutor.processExecutionPhase(TestCaseExecutor.java:309)
	at com.kms.katalon.core.main.TestCaseExecutor.accessMainPhase(TestCaseExecutor.java:301)
	at com.kms.katalon.core.main.TestCaseExecutor.execute(TestCaseExecutor.java:235)
	at com.kms.katalon.core.main.TestSuiteExecutor.accessTestCaseMainPhase(TestSuiteExecutor.java:191)
	at com.kms.katalon.core.main.TestSuiteExecutor.accessTestSuiteMainPhase(TestSuiteExecutor.java:141)
	at com.kms.katalon.core.main.TestSuiteExecutor.execute(TestSuiteExecutor.java:90)
	at com.kms.katalon.core.main.TestCaseMain.startTestSuite(TestCaseMain.java:157)
	at com.kms.katalon.core.main.TestCaseMain$startTestSuite$0.call(Unknown Source)
	at TempTestSuite1600846876767.run(TempTestSuite1600846876767.groovy:39)
Caused by: org.openqa.selenium.NoSuchWindowException: no such window: target window already closed
from unknown error: web view not found
  (Session info: chrome=85.0.4183.121)
Build info: version: '3.141.59', revision: 'e82be7d358', time: '2018-11-14T08:25:53'
System info: host: 'MARTIN-PC', ip: '10.8.1.2', os.name: 'Windows 10', os.arch: 'amd64', os.version: '10.0', java.version: '1.8.0_181'
Driver info: com.kms.katalon.selenium.driver.CChromeDriver
Capabilities {acceptInsecureCerts: false, browserName: chrome, browserVersion: 85.0.4183.121, chrome: {chromedriverVersion: 85.0.4183.87 (cd6713ebf92fa..., userDataDir: C:\Users\martin\AppData\Loc...}, goog:chromeOptions: {debuggerAddress: localhost:59368}, javascriptEnabled: true, networkConnectionEnabled: false, pageLoadStrategy: normal, platform: WINDOWS, platformName: WINDOWS, proxy: Proxy(), setWindowRect: true, strictFileInteractability: false, timeouts: {implicit: 0, pageLoad: 300000, script: 30000}, unhandledPromptBehavior: dismiss and notify, webauthn:virtualAuthenticators: true}
Session ID: 2375e77258413eb888d1b7d320afa658
*** Element info: {Using=xpath, value=//iframe[@id='JotFormIFrame-201611346099453']}
	at org.openqa.selenium.remote.http.W3CHttpResponseCodec.createException(W3CHttpResponseCodec.java:187)
	at org.openqa.selenium.remote.http.W3CHttpResponseCodec.decode(W3CHttpResponseCodec.java:122)
	at org.openqa.selenium.remote.http.W3CHttpResponseCodec.decode(W3CHttpResponseCodec.java:49)
	at org.openqa.selenium.remote.HttpCommandExecutor.execute(HttpCommandExecutor.java:158)
	at org.openqa.selenium.remote.service.DriverCommandExecutor.execute(DriverCommandExecutor.java:83)
	at org.openqa.selenium.remote.RemoteWebDriver.execute(RemoteWebDriver.java:552)
	at com.kms.katalon.selenium.driver.CChromeDriver.execute(CChromeDriver.java:19)
	at org.openqa.selenium.remote.RemoteWebDriver.findElements(RemoteWebDriver.java:353)
	at org.openqa.selenium.remote.RemoteWebDriver.findElementsByXPath(RemoteWebDriver.java:432)
	at org.openqa.selenium.By$ByXPath.findElements(By.java:348)
	at org.openqa.selenium.remote.RemoteWebDriver.findElements(RemoteWebDriver.java:311)
	at org.openqa.selenium.support.events.EventFiringWebDriver.lambda$new$1(EventFiringWebDriver.java:105)
	at com.sun.proxy.$Proxy8.findElements(Unknown Source)
	at org.openqa.selenium.support.events.EventFiringWebDriver.findElements(EventFiringWebDriver.java:182)
	at com.kms.katalon.core.webui.common.WebUiCommonHelper.findElementByNormalMethods(WebUiCommonHelper.java:1013)
	at com.kms.katalon.core.webui.common.WebUiCommonHelper.findElementsBySelectedMethod(WebUiCommonHelper.java:908)
	at com.kms.katalon.core.webui.common.WebUiCommonHelper.findElementsBySelectedMethod(WebUiCommonHelper.java:891)
	at com.kms.katalon.core.webui.common.WebUiCommonHelper.findElementsBySelectedMethod(WebUiCommonHelper.java:886)
	at com.kms.katalon.core.webui.common.WebUiCommonHelper.findElementsByDefault(WebUiCommonHelper.java:882)
	at com.kms.katalon.core.webui.common.WebUiCommonHelper.findElementsWithSelfHealing(WebUiCommonHelper.java:732)
	at com.kms.katalon.core.webui.common.WebUiCommonHelper.findWebElements(WebUiCommonHelper.java:717)
	at com.kms.katalon.core.webui.common.WebUiCommonHelper.findWebElement(WebUiCommonHelper.java:1363)
	at com.kms.katalon.core.webui.keyword.internal.WebUIAbstractKeyword.findWebElement(WebUIAbstractKeyword.groovy:27)
	at com.kms.katalon.core.webui.keyword.builtin.VerifyElementVisibleKeyword$_verifyElementVisible_closure1.doCall(VerifyElementVisibleKeyword.groovy:78)
	at com.kms.katalon.core.webui.keyword.builtin.VerifyElementVisibleKeyword$_verifyElementVisible_closure1.call(VerifyElementVisibleKeyword.groovy)
	at com.kms.katalon.core.webui.keyword.internal.WebUIKeywordMain.runKeyword(WebUIKeywordMain.groovy:20)
	... 19 more]]></system-err>
      </testcase>
      <system-out><![CDATA[2020-09-23 14:41:24 - [TEST_SUITE][FAILED] - GDA: Test Cases/SIGN IN PAGE TEST - GDA/TC_UI_002 FAILED.
Reason:
com.kms.katalon.core.exception.StepFailedException: Verify element text of test object 'Object Repository/Page_diagnostics/div_GDA Marketplace' FAILED.
	at com.kms.katalon.core.webui.keyword.internal.WebUIKeywordMain.stepFailed(WebUIKeywordMain.groovy:64)
	at com.kms.katalon.core.webui.keyword.internal.WebUIKeywordMain.runKeyword(WebUIKeywordMain.groovy:26)
	at com.kms.katalon.core.webui.keyword.builtin.VerifyElementTextKeyword.verifyElementText(VerifyElementTextKeyword.groovy:72)
	at com.kms.katalon.core.webui.keyword.builtin.VerifyElementTextKeyword.execute(VerifyElementTextKeyword.groovy:40)
	at com.kms.katalon.core.keyword.internal.KeywordExecutor.executeKeywordForPlatform(KeywordExecutor.groovy:73)
	at com.kms.katalon.core.webui.keyword.WebUiBuiltInKeywords.verifyElementText(WebUiBuiltInKeywords.groovy:3689)
	at com.kms.katalon.core.webui.keyword.WebUiBuiltInKeywords$verifyElementText$4.call(Unknown Source)
	at TC_UI_002.run(TC_UI_002:22)
	at com.kms.katalon.core.main.ScriptEngine.run(ScriptEngine.java:194)
	at com.kms.katalon.core.main.ScriptEngine.runScriptAsRawText(ScriptEngine.java:119)
	at com.kms.katalon.core.main.TestCaseExecutor.runScript(TestCaseExecutor.java:339)
	at com.kms.katalon.core.main.TestCaseExecutor.doExecute(TestCaseExecutor.java:330)
	at com.kms.katalon.core.main.TestCaseExecutor.processExecutionPhase(TestCaseExecutor.java:309)
	at com.kms.katalon.core.main.TestCaseExecutor.accessMainPhase(TestCaseExecutor.java:301)
	at com.kms.katalon.core.main.TestCaseExecutor.execute(TestCaseExecutor.java:235)
	at com.kms.katalon.core.main.TestSuiteExecutor.accessTestCaseMainPhase(TestSuiteExecutor.java:191)
	at com.kms.katalon.core.main.TestSuiteExecutor.accessTestSuiteMainPhase(TestSuiteExecutor.java:141)
	at com.kms.katalon.core.main.TestSuiteExecutor.execute(TestSuiteExecutor.java:90)
	at com.kms.katalon.core.main.TestCaseMain.startTestSuite(TestCaseMain.java:157)
	at com.kms.katalon.core.main.TestCaseMain$startTestSuite$0.call(Unknown Source)
	at TempTestSuite1600846876767.run(TempTestSuite1600846876767.groovy:39)
Caused by: com.kms.katalon.core.exception.StepFailedException: Actual text 'COVID-19
Diagnostic Tests eCatalogue' and expected text 'GDA Marketplace' of test object 'Object Repository/Page_diagnostics/div_GDA Marketplace' are NOT matched.
	at com.kms.katalon.core.webui.keyword.internal.WebUIKeywordMain.stepFailed(WebUIKeywordMain.groovy:64)
	at com.kms.katalon.core.webui.keyword.builtin.VerifyElementTextKeyword$_verifyElementText_closure1.doCall(VerifyElementTextKeyword.groovy:57)
	at com.kms.katalon.core.webui.keyword.builtin.VerifyElementTextKeyword$_verifyElementText_closure1.call(VerifyElementTextKeyword.groovy)
	at com.kms.katalon.core.webui.keyword.internal.WebUIKeywordMain.runKeyword(WebUIKeywordMain.groovy:20)
	... 19 more]]></system-out>
      <system-err><![CDATA[2020-09-23 14:41:24 - [TEST_SUITE][FAILED] - GDA: Test Cases/SIGN IN PAGE TEST - GDA/TC_UI_002 FAILED.
Reason:
com.kms.katalon.core.exception.StepFailedException: Verify element text of test object 'Object Repository/Page_diagnostics/div_GDA Marketplace' FAILED.
	at com.kms.katalon.core.webui.keyword.internal.WebUIKeywordMain.stepFailed(WebUIKeywordMain.groovy:64)
	at com.kms.katalon.core.webui.keyword.internal.WebUIKeywordMain.runKeyword(WebUIKeywordMain.groovy:26)
	at com.kms.katalon.core.webui.keyword.builtin.VerifyElementTextKeyword.verifyElementText(VerifyElementTextKeyword.groovy:72)
	at com.kms.katalon.core.webui.keyword.builtin.VerifyElementTextKeyword.execute(VerifyElementTextKeyword.groovy:40)
	at com.kms.katalon.core.keyword.internal.KeywordExecutor.executeKeywordForPlatform(KeywordExecutor.groovy:73)
	at com.kms.katalon.core.webui.keyword.WebUiBuiltInKeywords.verifyElementText(WebUiBuiltInKeywords.groovy:3689)
	at com.kms.katalon.core.webui.keyword.WebUiBuiltInKeywords$verifyElementText$4.call(Unknown Source)
	at TC_UI_002.run(TC_UI_002:22)
	at com.kms.katalon.core.main.ScriptEngine.run(ScriptEngine.java:194)
	at com.kms.katalon.core.main.ScriptEngine.runScriptAsRawText(ScriptEngine.java:119)
	at com.kms.katalon.core.main.TestCaseExecutor.runScript(TestCaseExecutor.java:339)
	at com.kms.katalon.core.main.TestCaseExecutor.doExecute(TestCaseExecutor.java:330)
	at com.kms.katalon.core.main.TestCaseExecutor.processExecutionPhase(TestCaseExecutor.java:309)
	at com.kms.katalon.core.main.TestCaseExecutor.accessMainPhase(TestCaseExecutor.java:301)
	at com.kms.katalon.core.main.TestCaseExecutor.execute(TestCaseExecutor.java:235)
	at com.kms.katalon.core.main.TestSuiteExecutor.accessTestCaseMainPhase(TestSuiteExecutor.java:191)
	at com.kms.katalon.core.main.TestSuiteExecutor.accessTestSuiteMainPhase(TestSuiteExecutor.java:141)
	at com.kms.katalon.core.main.TestSuiteExecutor.execute(TestSuiteExecutor.java:90)
	at com.kms.katalon.core.main.TestCaseMain.startTestSuite(TestCaseMain.java:157)
	at com.kms.katalon.core.main.TestCaseMain$startTestSuite$0.call(Unknown Source)
	at TempTestSuite1600846876767.run(TempTestSuite1600846876767.groovy:39)
Caused by: com.kms.katalon.core.exception.StepFailedException: Actual text 'COVID-19
Diagnostic Tests eCatalogue' and expected text 'GDA Marketplace' of test object 'Object Repository/Page_diagnostics/div_GDA Marketplace' are NOT matched.
	at com.kms.katalon.core.webui.keyword.internal.WebUIKeywordMain.stepFailed(WebUIKeywordMain.groovy:64)
	at com.kms.katalon.core.webui.keyword.builtin.VerifyElementTextKeyword$_verifyElementText_closure1.doCall(VerifyElementTextKeyword.groovy:57)
	at com.kms.katalon.core.webui.keyword.builtin.VerifyElementTextKeyword$_verifyElementText_closure1.call(VerifyElementTextKeyword.groovy)
	at com.kms.katalon.core.webui.keyword.internal.WebUIKeywordMain.runKeyword(WebUIKeywordMain.groovy:20)
	... 19 more]]></system-err>
   </testsuite>
</testsuites>
